\BOOKMARK [0][-]{chapter.1}{\376\377\121\231\127\050\122\115\227\142\000/\000F\000o\000r\000e\000w\000o\000r\000d}{}% 1
\BOOKMARK [1][-]{section.1.1}{\376\377\211\302\122\115\143\320\221\222}{chapter.1}% 2
\BOOKMARK [1][-]{section.1.2}{\376\377\236\043\214\042\116\016\130\360\146\016}{chapter.1}% 3
\BOOKMARK [0][-]{chapter.2}{\376\377\142\311\150\074\147\027\145\345\145\271\172\013\000/\000L\000a\000g\000r\000a\000n\000g\000e\000'\000s\000\040\000E\000q\000u\000a\000t\000i\000o\000n}{}% 4
\BOOKMARK [1][-]{section.2.1}{\376\377\136\177\116\111\127\120\150\007\060\001\176\246\147\137\116\016\201\352\165\061\136\246}{chapter.2}% 5
\BOOKMARK [2][-]{subsection.2.1.1}{\376\377\176\246\147\137}{section.2.1}% 6
\BOOKMARK [2][-]{subsection.2.1.2}{\376\377\176\246\147\137\166\204\122\006\174\173}{section.2.1}% 7
\BOOKMARK [2][-]{subsection.2.1.3}{\376\377\136\177\116\111\127\120\150\007\116\016\201\352\165\061\136\246}{section.2.1}% 8
\BOOKMARK [2][-]{subsection.2.1.4}{\376\377\123\330\143\142\145\271\172\013}{section.2.1}% 9
\BOOKMARK [1][-]{section.2.2}{\376\377\217\276\147\027\215\035\134\024\123\237\164\006}{chapter.2}% 10
\BOOKMARK [2][-]{subsection.2.2.1}{\376\377\206\132\122\237\123\237\164\006}{section.2.2}% 11
\BOOKMARK [2][-]{subsection.2.2.2}{\376\377\217\276\147\027\215\035\134\024\123\237\164\006}{section.2.2}% 12
\BOOKMARK [1][-]{section.2.3}{\376\377\142\311\150\074\147\027\145\345\145\271\172\013}{chapter.2}% 13
\BOOKMARK [2][-]{subsection.2.3.1}{\376\377\142\311\150\074\147\027\145\345\121\163\174\373}{section.2.3}% 14
\BOOKMARK [2][-]{subsection.2.3.2}{\376\377\162\133\230\177\173\054\116\214\133\232\137\213\133\374\121\372\142\311\154\017\145\271\172\013}{section.2.3}% 15
\BOOKMARK [2][-]{subsection.2.3.3}{\376\377\146\156\220\032\147\011\122\277\117\123\174\373\116\013\166\204\142\311\154\017\145\271\172\013}{section.2.3}% 16
\BOOKMARK [1][-]{section.2.4}{\376\377\142\311\150\074\147\027\145\345\221\317\166\204\140\047\215\050}{chapter.2}% 17
\BOOKMARK [1][-]{section.2.5}{\376\377\136\177\116\111\147\011\122\277\117\123\174\373}{chapter.2}% 18
\BOOKMARK [1][-]{section.2.6}{\376\377\133\210\140\122\221\317}{chapter.2}% 19
\BOOKMARK [2][-]{subsection.2.6.1}{\376\377\122\250\200\375\121\375\145\160}{section.2.6}% 20
\BOOKMARK [2][-]{subsection.2.6.2}{\376\377\133\210\140\122}{section.2.6}% 21
\BOOKMARK [1][-]{section.2.7}{\376\377\227\136\133\214\145\164\176\246\147\137\116\013\166\204\142\311\154\017\145\271\172\013}{chapter.2}% 22
\BOOKMARK [2][-]{subsection.2.7.1}{\376\377\200\027\145\143}{section.2.7}% 23
\BOOKMARK [2][-]{subsection.2.7.2}{\376\377\142\311\150\074\147\027\145\345\145\271\172\013\143\250\133\374\162\133\230\177\217\320\122\250\133\232\137\213}{section.2.7}% 24
\BOOKMARK [0][-]{chapter.3}{\376\377\147\011\137\303\217\320\122\250}{}% 25
\BOOKMARK [1][-]{section.3.1}{\376\377\116\044\117\123\225\356\230\230}{chapter.3}% 26
\BOOKMARK [2][-]{subsection.3.1.1}{\376\377\153\324\131\110\121\154\137\017}{section.3.1}% 27
\BOOKMARK [2][-]{subsection.3.1.2}{\376\377\117\057\162\171\121\160\133\232\164\006}{section.3.1}% 28
\BOOKMARK [2][-]{subsection.3.1.3}{\376\377\131\051\117\123\217\320\122\250}{section.3.1}% 29
\BOOKMARK [2][-]{subsection.3.1.4}{\376\377\173\054\116\000\060\001\116\214\060\001\116\011\133\207\133\231\220\037\136\246}{section.3.1}% 30
\BOOKMARK [2][-]{subsection.3.1.5}{\376\377\226\120\122\066\127\213\116\011\117\123\217\320\122\250}{section.3.1}% 31
\BOOKMARK [2][-]{subsection.3.1.6}{\376\377\145\143\134\004}{section.3.1}% 32
\BOOKMARK [1][-]{section.3.2}{\376\377\134\017\143\057\122\250}{chapter.3}% 33
\BOOKMARK [0][-]{appendix.A}{\376\377\123\330\122\006\123\237\164\006\000/\000V\000a\000r\000i\000a\000t\000i\000o\000n\000a\000l\000\040\000P\000r\000i\000n\000c\000i\000p\000l\000e}{}% 34
