\BOOKMARK [0][-]{chapter.1}{\376\377\121\231\127\050\122\115\227\142\000/\000F\000o\000r\000e\000w\000o\000r\000d}{}% 1
\BOOKMARK [0][-]{chapter.2}{\376\377\160\355\133\146\126\336\230\176\000/\000T\000h\000e\000r\000m\000o\000d\000y\000n\000a\000m\000i\000c\000s}{}% 2
\BOOKMARK [1][-]{section.2.1}{\376\377\160\355\136\163\210\141\162\266\140\001\116\016\173\054\226\366\133\232\137\213}{chapter.2}% 3
\BOOKMARK [2][-]{subsection.2.1.1}{\376\377\173\054\226\366\133\232\137\213}{section.2.1}% 4
\BOOKMARK [2][-]{subsection.2.1.2}{\376\377\156\051\136\246\116\016\162\151\140\001\145\271\172\013}{section.2.1}% 5
\BOOKMARK [1][-]{section.2.2}{\376\377\173\054\116\000\133\232\137\213}{chapter.2}% 6
\BOOKMARK [2][-]{subsection.2.2.1}{\376\377\173\054\116\000\133\232\137\213\166\204\124\004\171\315\210\150\217\360}{section.2.2}% 7
\BOOKMARK [2][-]{subsection.2.2.2}{\376\377\160\355\133\271}{section.2.2}% 8
\BOOKMARK [1][-]{section.2.3}{\376\377\173\054\116\214\133\232\137\213}{chapter.2}% 9
\BOOKMARK [2][-]{subsection.2.3.1}{\376\377\160\355\147\072\000\040}{section.2.3}% 10
\BOOKMARK [2][-]{subsection.2.3.2}{\376\377\123\141\213\372\133\232\164\006\116\016\160\355\122\233\133\146\156\051\150\007}{section.2.3}% 11
\BOOKMARK [2][-]{subsection.2.3.3}{\376\377\121\113\122\263\117\356\145\257\116\015\173\111\137\017\116\016\161\265}{section.2.3}% 12
\BOOKMARK [2][-]{subsection.2.3.4}{\376\377\161\265\130\236\122\240\123\237\164\006}{section.2.3}% 13
\BOOKMARK [2][-]{subsection.2.3.5}{\376\377\121\205\200\375\166\204\136\177\136\366\140\047}{section.2.3}% 14
\BOOKMARK [1][-]{section.2.4}{\376\377\000\040\121\166\133\203\160\355\122\233\133\146\121\375\145\160}{chapter.2}% 15
\BOOKMARK [2][-]{subsection.2.4.1}{\376\377\124\315\136\224\121\375\145\160}{section.2.4}% 16
\BOOKMARK [1][-]{section.2.5}{\376\377\236\246\121\113\145\257\227\346\121\163\174\373}{chapter.2}% 17
\BOOKMARK [2][-]{subsection.2.5.1}{\376\377\136\224\165\050\124\315\136\224\121\375\145\160\124\214\236\246\121\113\145\257\227\346\121\163\174\373\166\204\116\000\116\052\117\213\133\120}{section.2.5}% 18
\BOOKMARK [1][-]{section.2.6}{\376\377\160\355\136\163\210\141\166\204\121\215\213\250\213\272}{chapter.2}% 19
\BOOKMARK [1][-]{section.2.7}{\376\377\154\024\000-\155\262\166\370\123\330}{chapter.2}% 20
\BOOKMARK [2][-]{subsection.2.7.1}{\376\377\116\044\166\370\121\161\133\130\176\277}{section.2.7}% 21
\BOOKMARK [2][-]{subsection.2.7.2}{\376\377\116\064\165\114\160\271\116\016\116\064\165\114\143\007\145\160}{section.2.7}% 22
\BOOKMARK [2][-]{subsection.2.7.3}{\376\377\173\054\116\214\124\214\116\011\171\315\116\064\165\114\143\007\145\160}{section.2.7}% 23
\BOOKMARK [2][-]{subsection.2.7.4}{\376\377\146\156\220\002\174\173}{section.2.7}% 24
\BOOKMARK [1][-]{section.2.8}{\376\377\173\054\116\011\133\232\137\213}{chapter.2}% 25
\BOOKMARK [0][-]{chapter.3}{\376\377\174\373\176\374\000/\000E\000n\000s\000e\000m\000b\000l\000e}{}% 26
\BOOKMARK [1][-]{section.3.1}{\376\377\174\373\176\374\166\204\133\232\116\111}{chapter.3}% 27
\BOOKMARK [1][-]{section.3.2}{\376\377\137\256\211\302\140\001}{chapter.3}% 28
\BOOKMARK [1][-]{section.3.3}{\376\377\176\317\121\170\174\373\176\337}{chapter.3}% 29
\BOOKMARK [0][-]{appendix.A}{\376\377\122\322\213\251\137\267\123\330\143\142\000/\000L\000e\000g\000e\000n\000d\000r\000e\000\040\000t\000r\000a\000n\000s\000f\000o\000r\000m\000a\000t\000i\000o\000n}{}% 30
